0 info it worked if it ends with ok
1 verbose cli [ 'D:\\nodejs\\node.exe',
1 verbose cli   'D:\\nodejs\\node_modules\\npm\\bin\\npm-cli.js',
1 verbose cli   'start' ]
2 info using npm@4.1.2
3 info using node@v7.6.0
4 verbose run-script [ 'prestart', 'start', 'poststart' ]
5 info lifecycle mysocket@1.0.0~prestart: mysocket@1.0.0
6 silly lifecycle mysocket@1.0.0~prestart: no script for prestart, continuing
7 info lifecycle mysocket@1.0.0~start: mysocket@1.0.0
8 verbose lifecycle mysocket@1.0.0~start: unsafe-perm in lifecycle true
9 verbose lifecycle mysocket@1.0.0~start: PATH: D:\nodejs\node_modules\npm\bin\node-gyp-bin;F:\project\websocket\mysocket\node_modules\.bin;C:\Windows\system32;C:\Windows;C:\Windows\System32\Wbem;C:\Windows\System32\WindowsPowerShell\v1.0\;C:\Program Files\Java\jdk1.7.0_79\bin;C:\Program Files\Java\jdk1.7.0_79\jre\bin;C:\Program Files\TortoiseSVN\bin;D:\nodejs\;D:\Tools\slik\bin;C:\Program Files\Git\cmd;D:\工具\Brackets\command;D:\mysql-5.7.19-winx64\bin;C:\Python27;C:\Program Files\Redis\;C:\Program Files\TortoiseGit\bin;C:\Users\zuocheng.peng\AppData\Roaming\npm
10 verbose lifecycle mysocket@1.0.0~start: CWD: F:\project\websocket\mysocket
11 silly lifecycle mysocket@1.0.0~start: Args: [ '/d /s /c', 'node-dev app/server.js' ]
12 silly lifecycle mysocket@1.0.0~start: Returned: code: 3221225786  signal: null
13 info lifecycle mysocket@1.0.0~start: Failed to exec start script
14 verbose stack Error: mysocket@1.0.0 start: `node-dev app/server.js`
14 verbose stack Exit status 3221225786
14 verbose stack     at EventEmitter.<anonymous> (D:\nodejs\node_modules\npm\lib\utils\lifecycle.js:279:16)
14 verbose stack     at emitTwo (events.js:106:13)
14 verbose stack     at EventEmitter.emit (events.js:192:7)
14 verbose stack     at ChildProcess.<anonymous> (D:\nodejs\node_modules\npm\lib\utils\spawn.js:40:14)
14 verbose stack     at emitTwo (events.js:106:13)
14 verbose stack     at ChildProcess.emit (events.js:192:7)
14 verbose stack     at maybeClose (internal/child_process.js:890:16)
14 verbose stack     at Process.ChildProcess._handle.onexit (internal/child_process.js:226:5)
15 verbose pkgid mysocket@1.0.0
16 verbose cwd F:\project\websocket\mysocket
17 error Windows_NT 6.1.7601
18 error argv "D:\\nodejs\\node.exe" "D:\\nodejs\\node_modules\\npm\\bin\\npm-cli.js" "start"
19 error node v7.6.0
20 error npm  v4.1.2
21 error code ELIFECYCLE
22 error mysocket@1.0.0 start: `node-dev app/server.js`
22 error Exit status 3221225786
23 error Failed at the mysocket@1.0.0 start script 'node-dev app/server.js'.
23 error Make sure you have the latest version of node.js and npm installed.
23 error If you do, this is most likely a problem with the mysocket package,
23 error not with npm itself.
23 error Tell the author that this fails on your system:
23 error     node-dev app/server.js
23 error You can get information on how to open an issue for this project with:
23 error     npm bugs mysocket
23 error Or if that isn't available, you can get their info via:
23 error     npm owner ls mysocket
23 error There is likely additional logging output above.
24 verbose exit [ 1, true ]
